INFO  02:58:16 Application started. Press Ctrl+C to shut down.
INFO  02:58:16 Application started. Press Ctrl+C to shut down.
INFO  02:58:16 Hosting environment: Development
INFO  02:58:16 Hosting environment: Development
INFO  02:58:16 Content root path: C:\Users\pande\source\repos\MoviesRentalSimulationProject\MovieRentingApi
INFO  02:58:16 Content root path: C:\Users\pande\source\repos\MoviesRentalSimulationProject\MovieRentingApi
INFO  03:02:35 Application started. Press Ctrl+C to shut down.
INFO  03:02:35 Application started. Press Ctrl+C to shut down.
INFO  03:02:35 Hosting environment: Development
INFO  03:02:35 Hosting environment: Development
INFO  03:02:35 Content root path: C:\Users\pande\source\repos\MoviesRentalSimulationProject\MovieRentingApi
INFO  03:02:35 Content root path: C:\Users\pande\source\repos\MoviesRentalSimulationProject\MovieRentingApi
INFO  03:02:55 Inserting Started
INFO  03:05:24 Inserting Started
INFO  03:25:59 Application started. Press Ctrl+C to shut down.
INFO  03:25:59 Application started. Press Ctrl+C to shut down.
INFO  03:25:59 Hosting environment: Development
INFO  03:25:59 Hosting environment: Development
INFO  03:25:59 Content root path: C:\Users\pande\source\repos\MoviesRentalSimulationProject\MoviesApi
INFO  03:25:59 Content root path: C:\Users\pande\source\repos\MoviesRentalSimulationProject\MoviesApi
INFO  03:26:18 Data Arrived
INFO  03:27:28 Application started. Press Ctrl+C to shut down.
INFO  03:27:28 Application started. Press Ctrl+C to shut down.
INFO  03:27:28 Hosting environment: Development
INFO  03:27:28 Hosting environment: Development
INFO  03:27:28 Content root path: C:\Users\pande\source\repos\MoviesRentalSimulationProject\MoviesApi
INFO  03:27:28 Content root path: C:\Users\pande\source\repos\MoviesRentalSimulationProject\MoviesApi
INFO  03:27:34 Data Arrived
INFO  04:25:47 Application started. Press Ctrl+C to shut down.
INFO  04:25:47 Application started. Press Ctrl+C to shut down.
INFO  04:25:47 Hosting environment: Development
INFO  04:25:47 Hosting environment: Development
INFO  04:25:47 Content root path: C:\Users\pande\source\repos\MoviesRentalSimulationProject\MovieRentingApi
INFO  04:25:47 Content root path: C:\Users\pande\source\repos\MoviesRentalSimulationProject\MovieRentingApi
INFO  04:26:18 Inserting Started
INFO  04:26:48 Data Arrived
INFO  11:09:45 Application started. Press Ctrl+C to shut down.
INFO  11:09:45 Application started. Press Ctrl+C to shut down.
INFO  11:09:45 Hosting environment: Development
INFO  11:09:45 Hosting environment: Development
INFO  11:09:45 Content root path: C:\Users\pande\source\repos\MoviesRentalSimulationProject\MovieRentingApi
INFO  11:09:45 Content root path: C:\Users\pande\source\repos\MoviesRentalSimulationProject\MovieRentingApi
INFO  11:18:03 Application started. Press Ctrl+C to shut down.
INFO  11:18:03 Application started. Press Ctrl+C to shut down.
INFO  11:18:03 Hosting environment: Development
INFO  11:18:03 Hosting environment: Development
INFO  11:18:03 Content root path: C:\Users\pande\source\repos\MoviesRentalSimulationProject\MovieRentingApi
INFO  11:18:03 Content root path: C:\Users\pande\source\repos\MoviesRentalSimulationProject\MovieRentingApi
INFO  11:21:29 Application started. Press Ctrl+C to shut down.
INFO  11:21:29 Application started. Press Ctrl+C to shut down.
INFO  11:21:30 Hosting environment: Development
INFO  11:21:30 Hosting environment: Development
INFO  11:21:30 Content root path: C:\Users\pande\source\repos\MoviesRentalSimulationProject\MovieRentingApi
INFO  11:21:30 Content root path: C:\Users\pande\source\repos\MoviesRentalSimulationProject\MovieRentingApi
INFO  11:22:34 Application started. Press Ctrl+C to shut down.
INFO  11:22:35 Application started. Press Ctrl+C to shut down.
INFO  11:22:35 Hosting environment: Development
INFO  11:22:35 Hosting environment: Development
INFO  11:22:35 Content root path: C:\Users\pande\source\repos\MoviesRentalSimulationProject\MovieRentingApi
INFO  11:22:35 Content root path: C:\Users\pande\source\repos\MoviesRentalSimulationProject\MovieRentingApi
INFO  11:23:25 Data Arrived
INFO  11:31:50 Application started. Press Ctrl+C to shut down.
INFO  11:31:50 Application started. Press Ctrl+C to shut down.
INFO  11:31:50 Hosting environment: Development
INFO  11:31:50 Hosting environment: Development
INFO  11:31:50 Content root path: C:\Users\pande\source\repos\MoviesRentalSimulationProject\MovieRentingApi
INFO  11:31:50 Content root path: C:\Users\pande\source\repos\MoviesRentalSimulationProject\MovieRentingApi
INFO  11:32:32 Data Arrived
INFO  12:15:04 Application started. Press Ctrl+C to shut down.
INFO  12:15:04 Application started. Press Ctrl+C to shut down.
INFO  12:15:04 Hosting environment: Development
INFO  12:15:04 Hosting environment: Development
INFO  12:15:04 Content root path: C:\Users\pande\source\repos\MoviesRentalSimulationProject\MovieRentingApi
INFO  12:15:04 Content root path: C:\Users\pande\source\repos\MoviesRentalSimulationProject\MovieRentingApi
INFO  12:16:54 Application started. Press Ctrl+C to shut down.
INFO  12:16:54 Application started. Press Ctrl+C to shut down.
INFO  12:16:54 Hosting environment: Development
INFO  12:16:54 Hosting environment: Development
INFO  12:16:54 Content root path: C:\Users\pande\source\repos\MoviesRentalSimulationProject\MovieRentingApi
INFO  12:16:54 Content root path: C:\Users\pande\source\repos\MoviesRentalSimulationProject\MovieRentingApi
INFO  12:18:21 Application started. Press Ctrl+C to shut down.
INFO  12:18:21 Application started. Press Ctrl+C to shut down.
INFO  12:18:21 Hosting environment: Development
INFO  12:18:21 Hosting environment: Development
INFO  12:18:21 Content root path: C:\Users\pande\source\repos\MoviesRentalSimulationProject\MovieRentingApi
INFO  12:18:21 Content root path: C:\Users\pande\source\repos\MoviesRentalSimulationProject\MovieRentingApi
INFO  12:19:21 Inserting Started
INFO  12:32:37 Application started. Press Ctrl+C to shut down.
INFO  12:32:37 Application started. Press Ctrl+C to shut down.
INFO  12:32:37 Hosting environment: Development
INFO  12:32:37 Hosting environment: Development
INFO  12:32:37 Content root path: C:\Users\pande\source\repos\MoviesRentalSimulationProject\MovieRentingApi
INFO  12:32:37 Content root path: C:\Users\pande\source\repos\MoviesRentalSimulationProject\MovieRentingApi
INFO  12:33:09 Data Arrived
INFO  01:10:33 Application started. Press Ctrl+C to shut down.
INFO  01:10:33 Application started. Press Ctrl+C to shut down.
INFO  01:10:33 Hosting environment: Development
INFO  01:10:33 Hosting environment: Development
INFO  01:10:33 Content root path: C:\Users\pande\source\repos\MoviesRentalSimulationProject\MovieRentingApi
INFO  01:10:33 Content root path: C:\Users\pande\source\repos\MoviesRentalSimulationProject\MovieRentingApi
INFO  01:14:00 Application started. Press Ctrl+C to shut down.
INFO  01:14:00 Application started. Press Ctrl+C to shut down.
INFO  01:14:00 Hosting environment: Development
INFO  01:14:00 Hosting environment: Development
INFO  01:14:00 Content root path: C:\Users\pande\source\repos\MoviesRentalSimulationProject\MovieRentingApi
INFO  01:14:00 Content root path: C:\Users\pande\source\repos\MoviesRentalSimulationProject\MovieRentingApi
INFO  01:14:37 Application started. Press Ctrl+C to shut down.
INFO  01:14:37 Application started. Press Ctrl+C to shut down.
INFO  01:14:37 Hosting environment: Development
INFO  01:14:37 Hosting environment: Development
INFO  01:14:37 Content root path: C:\Users\pande\source\repos\MoviesRentalSimulationProject\MovieRentingApi
INFO  01:14:37 Content root path: C:\Users\pande\source\repos\MoviesRentalSimulationProject\MovieRentingApi
INFO  01:17:42 Data Arrived
INFO  01:23:45 Application started. Press Ctrl+C to shut down.
INFO  01:23:45 Application started. Press Ctrl+C to shut down.
INFO  01:23:45 Hosting environment: Development
INFO  01:23:45 Hosting environment: Development
INFO  01:23:45 Content root path: C:\Users\pande\source\repos\MoviesRentalSimulationProject\MovieRentingApi
INFO  01:23:45 Content root path: C:\Users\pande\source\repos\MoviesRentalSimulationProject\MovieRentingApi
INFO  01:26:46 Application started. Press Ctrl+C to shut down.
INFO  01:26:46 Application started. Press Ctrl+C to shut down.
INFO  01:26:46 Hosting environment: Development
INFO  01:26:46 Hosting environment: Development
INFO  01:26:46 Content root path: C:\Users\pande\source\repos\MoviesRentalSimulationProject\MovieRentingApi
INFO  01:26:46 Content root path: C:\Users\pande\source\repos\MoviesRentalSimulationProject\MovieRentingApi
INFO  01:28:15 Data Arrived
INFO  01:33:26 Application started. Press Ctrl+C to shut down.
INFO  01:33:27 Application started. Press Ctrl+C to shut down.
INFO  01:33:27 Hosting environment: Development
INFO  01:33:27 Hosting environment: Development
INFO  01:33:27 Content root path: C:\Users\pande\source\repos\MoviesRentalSimulationProject\MovieRentingApi
INFO  01:33:27 Content root path: C:\Users\pande\source\repos\MoviesRentalSimulationProject\MovieRentingApi
INFO  01:37:13 Application started. Press Ctrl+C to shut down.
INFO  01:37:13 Application started. Press Ctrl+C to shut down.
INFO  01:37:13 Hosting environment: Development
INFO  01:37:13 Hosting environment: Development
INFO  01:37:13 Content root path: C:\Users\pande\source\repos\MoviesRentalSimulationProject\MovieRentingApi
INFO  01:37:13 Content root path: C:\Users\pande\source\repos\MoviesRentalSimulationProject\MovieRentingApi
INFO  01:47:22 Application started. Press Ctrl+C to shut down.
INFO  01:47:22 Application started. Press Ctrl+C to shut down.
INFO  01:47:22 Hosting environment: Development
INFO  01:47:22 Hosting environment: Development
INFO  01:47:22 Content root path: C:\Users\pande\source\repos\MoviesRentalSimulationProject\MovieRentingApi
INFO  01:47:22 Content root path: C:\Users\pande\source\repos\MoviesRentalSimulationProject\MovieRentingApi
INFO  01:49:36 Inserting Started
INFO  01:49:57 Data Arrived
INFO  01:53:06 Application started. Press Ctrl+C to shut down.
INFO  01:53:06 Application started. Press Ctrl+C to shut down.
INFO  01:53:06 Hosting environment: Development
INFO  01:53:06 Hosting environment: Development
INFO  01:53:06 Content root path: C:\Users\pande\source\repos\MoviesRentalSimulationProject\MovieRentingApi
INFO  01:53:06 Content root path: C:\Users\pande\source\repos\MoviesRentalSimulationProject\MovieRentingApi
INFO  01:54:40 Application started. Press Ctrl+C to shut down.
INFO  01:54:40 Application started. Press Ctrl+C to shut down.
INFO  01:54:40 Hosting environment: Development
INFO  01:54:40 Hosting environment: Development
INFO  01:54:40 Content root path: C:\Users\pande\source\repos\MoviesRentalSimulationProject\MovieRentingApi
INFO  01:54:40 Content root path: C:\Users\pande\source\repos\MoviesRentalSimulationProject\MovieRentingApi
INFO  01:56:40 Application started. Press Ctrl+C to shut down.
INFO  01:56:40 Application started. Press Ctrl+C to shut down.
INFO  01:56:40 Hosting environment: Development
INFO  01:56:40 Hosting environment: Development
INFO  01:56:40 Content root path: C:\Users\pande\source\repos\MoviesRentalSimulationProject\MovieRentingApi
INFO  01:56:40 Content root path: C:\Users\pande\source\repos\MoviesRentalSimulationProject\MovieRentingApi
INFO  01:58:35 Data Arrived
INFO  02:03:40 Application started. Press Ctrl+C to shut down.
INFO  02:03:40 Application started. Press Ctrl+C to shut down.
INFO  02:03:40 Hosting environment: Development
INFO  02:03:40 Hosting environment: Development
INFO  02:03:40 Content root path: C:\Users\pande\source\repos\MoviesRentalSimulationProject\MovieRentingApi
INFO  02:03:40 Content root path: C:\Users\pande\source\repos\MoviesRentalSimulationProject\MovieRentingApi
INFO  02:06:13 Application started. Press Ctrl+C to shut down.
INFO  02:06:13 Application started. Press Ctrl+C to shut down.
INFO  02:06:13 Hosting environment: Development
INFO  02:06:13 Hosting environment: Development
INFO  02:06:13 Content root path: C:\Users\pande\source\repos\MoviesRentalSimulationProject\MovieRentingApi
INFO  02:06:13 Content root path: C:\Users\pande\source\repos\MoviesRentalSimulationProject\MovieRentingApi
INFO  02:06:44 Inserting Started
